#
# There is insufficient memory for the Java Runtime Environment to continue.
# Native memory allocation (malloc) failed to allocate 2225536 bytes for Chunk::new
# Possible reasons:
#   The system is out of physical RAM or swap space
#   The process is running with CompressedOops enabled, and the Java Heap may be blocking the growth of the native heap
# Possible solutions:
#   Reduce memory load on the system
#   Increase physical memory or swap space
#   Check if swap backing store is full
#   Decrease Java heap size (-Xmx/-Xms)
#   Decrease number of Java threads
#   Decrease Java thread stack sizes (-Xss)
#   Set larger code cache with -XX:ReservedCodeCacheSize=
#   JVM is running with Unscaled Compressed Oops mode in which the Java heap is
#     placed in the first 4GB address space. The Java Heap base address is the
#     maximum limit for the native heap growth. Please use -XX:HeapBaseMinAddress
#     to set the Java Heap base and to place the Java Heap above 4GB virtual address.
# This output file may be truncated or incomplete.
#
#  Out of Memory Error (arena.cpp:195), pid=14688, tid=1340
#
# JRE version: Java(TM) SE Runtime Environment (16.0.2+7) (build 16.0.2+7-67)
# Java VM: Java HotSpot(TM) 64-Bit Server VM (16.0.2+7-67, mixed mode, sharing, tiered, compressed oops, compressed class ptrs, g1 gc, windows-amd64)
# No core dump will be written. Minidumps are not enabled by default on client versions of Windows
#

---------------  S U M M A R Y ------------

Command Line: --add-opens=java.base/java.util=ALL-UNNAMED --add-opens=java.base/java.lang=ALL-UNNAMED --add-opens=java.base/java.lang.invoke=ALL-UNNAMED --add-opens=java.base/java.util=ALL-UNNAMED --add-opens=java.prefs/java.util.prefs=ALL-UNNAMED --add-opens=java.prefs/java.util.prefs=ALL-UNNAMED --add-opens=java.base/java.nio.charset=ALL-UNNAMED --add-opens=java.base/java.net=ALL-UNNAMED --add-opens=java.base/java.util.concurrent.atomic=ALL-UNNAMED -XX:MaxMetaspaceSize=256m -XX:+HeapDumpOnOutOfMemoryError -Xms256m -Xmx512m -Dfile.encoding=windows-1252 -Duser.country=US -Duser.language=en -Duser.variant org.gradle.launcher.daemon.bootstrap.GradleDaemon 7.2

Host: Intel(R) Core(TM) i5-1035G1 CPU @ 1.00GHz, 8 cores, 15G,  Windows 10 , 64 bit Build 19041 (10.0.19041.1889)
Time: Mon Sep 12 12:36:18 2022 Pacific Daylight Time elapsed time: 2.500755 seconds (0d 0h 0m 2s)

---------------  T H R E A D  ---------------

Current thread (0x0000029dab9ca750):  JavaThread "C2 CompilerThread2" daemon [_thread_in_native, id=1340, stack(0x000000b265600000,0x000000b265700000)]


Current CompileTask:
C2:   2500 2034   !   4       java.lang.ClassLoader::loadClass (122 bytes)

Stack: [0x000000b265600000,0x000000b265700000]
Native frames: (J=compiled Java code, j=interpreted, Vv=VM code, C=native code)
V  [jvm.dll+0x6681ca]
V  [jvm.dll+0x7c9e69]
V  [jvm.dll+0x7cb61e]
V  [jvm.dll+0x7cbc73]
V  [jvm.dll+0x242c55]
V  [jvm.dll+0xadeba]
V  [jvm.dll+0xae45c]
V  [jvm.dll+0x35a8d7]
V  [jvm.dll+0x324de1]
V  [jvm.dll+0x32428a]
V  [jvm.dll+0x215cec]
V  [jvm.dll+0x215100]
V  [jvm.dll+0x1a1beb]
V  [jvm.dll+0x225158]
V  [jvm.dll+0x22319c]
V  [jvm.dll+0x77fa62]
V  [jvm.dll+0x7795aa]
V  [jvm.dll+0x667066]
C  [ucrtbase.dll+0x21bb2]
C  [KERNEL32.DLL+0x17034]
C  [ntdll.dll+0x52651]


---------------  P R O C E S S  ---------------

Threads class SMR info:
_java_thread_list=0x0000029dad259db0, length=27, elements={
0x0000029d8fcee8b0, 0x0000029daa4bd960, 0x0000029daa4be270, 0x0000029daa4d0ee0,
0x0000029daa4d17f0, 0x0000029daa4d2100, 0x0000029daa4d6f20, 0x0000029daa4d8c20,
0x0000029daa4e1630, 0x0000029daa4f07c0, 0x0000029dab0ed630, 0x0000029dab0fdb80,
0x0000029dab25f6c0, 0x0000029dab9ca750, 0x0000029dab9c9860, 0x0000029dac8f3bd0,
0x0000029dac25c450, 0x0000029dad2a8030, 0x0000029dac369e20, 0x0000029dad2cc8b0,
0x0000029dac8575d0, 0x0000029dac8565e0, 0x0000029dac8555f0, 0x0000029dac8550a0,
0x0000029dac856b30, 0x0000029dac8540b0, 0x0000029dac855b40
}

Java Threads: ( => current thread )
  0x0000029d8fcee8b0 JavaThread "main" [_thread_blocked, id=25208, stack(0x000000b264200000,0x000000b264300000)]
  0x0000029daa4bd960 JavaThread "Reference Handler" daemon [_thread_blocked, id=29036, stack(0x000000b264900000,0x000000b264a00000)]
  0x0000029daa4be270 JavaThread "Finalizer" daemon [_thread_blocked, id=7824, stack(0x000000b264a00000,0x000000b264b00000)]
  0x0000029daa4d0ee0 JavaThread "Signal Dispatcher" daemon [_thread_blocked, id=23784, stack(0x000000b264b00000,0x000000b264c00000)]
  0x0000029daa4d17f0 JavaThread "Attach Listener" daemon [_thread_blocked, id=9164, stack(0x000000b264c00000,0x000000b264d00000)]
  0x0000029daa4d2100 JavaThread "Service Thread" daemon [_thread_blocked, id=14584, stack(0x000000b264d00000,0x000000b264e00000)]
  0x0000029daa4d6f20 JavaThread "Monitor Deflation Thread" daemon [_thread_blocked, id=6300, stack(0x000000b264e00000,0x000000b264f00000)]
  0x0000029daa4d8c20 JavaThread "C2 CompilerThread0" daemon [_thread_in_native, id=29768, stack(0x000000b264f00000,0x000000b265000000)]
  0x0000029daa4e1630 JavaThread "C1 CompilerThread0" daemon [_thread_in_native, id=19132, stack(0x000000b265000000,0x000000b265100000)]
  0x0000029daa4f07c0 JavaThread "Sweeper thread" daemon [_thread_blocked, id=26372, stack(0x000000b265100000,0x000000b265200000)]
  0x0000029dab0ed630 JavaThread "Common-Cleaner" daemon [_thread_blocked, id=18328, stack(0x000000b265200000,0x000000b265300000)]
  0x0000029dab0fdb80 JavaThread "Notification Thread" daemon [_thread_blocked, id=19260, stack(0x000000b265300000,0x000000b265400000)]
  0x0000029dab25f6c0 JavaThread "C2 CompilerThread1" daemon [_thread_in_native, id=23276, stack(0x000000b265500000,0x000000b265600000)]
=>0x0000029dab9ca750 JavaThread "C2 CompilerThread2" daemon [_thread_in_native, id=1340, stack(0x000000b265600000,0x000000b265700000)]
  0x0000029dab9c9860 JavaThread "Daemon health stats" [_thread_blocked, id=18160, stack(0x000000b265c00000,0x000000b265d00000)]
  0x0000029dac8f3bd0 JavaThread "Incoming local TCP Connector on port 64388" [_thread_in_native, id=12800, stack(0x000000b265d00000,0x000000b265e00000)]
  0x0000029dac25c450 JavaThread "Daemon periodic checks" [_thread_blocked, id=27796, stack(0x000000b265e00000,0x000000b265f00000)]
  0x0000029dad2a8030 JavaThread "Daemon" [_thread_blocked, id=32272, stack(0x000000b265f00000,0x000000b266000000)]
  0x0000029dac369e20 JavaThread "Handler for socket connection from /127.0.0.1:64388 to /127.0.0.1:64389" [_thread_in_native, id=23060, stack(0x000000b266000000,0x000000b266100000)]
  0x0000029dad2cc8b0 JavaThread "Cancel handler" [_thread_blocked, id=20580, stack(0x000000b266100000,0x000000b266200000)]
  0x0000029dac8575d0 JavaThread "Daemon worker" [_thread_in_vm, id=12116, stack(0x000000b266200000,0x000000b266300000)]
  0x0000029dac8565e0 JavaThread "Asynchronous log dispatcher for DefaultDaemonConnection: socket connection from /127.0.0.1:64388 to /127.0.0.1:64389" [_thread_blocked, id=6820, stack(0x000000b266300000,0x000000b266400000)]
  0x0000029dac8555f0 JavaThread "Stdin handler" [_thread_blocked, id=18980, stack(0x000000b266400000,0x000000b266500000)]
  0x0000029dac8550a0 JavaThread "Daemon client event forwarder" [_thread_blocked, id=9104, stack(0x000000b266500000,0x000000b266600000)]
  0x0000029dac856b30 JavaThread "Cache worker for journal cache (C:\Users\falpr\.gradle\caches\journal-1)" [_thread_blocked, id=13972, stack(0x000000b266600000,0x000000b266700000)]
  0x0000029dac8540b0 JavaThread "File lock request listener" [_thread_in_native, id=10884, stack(0x000000b266700000,0x000000b266800000)]
  0x0000029dac855b40 JavaThread "Cache worker for file hash cache (C:\Users\falpr\.gradle\caches\7.2\fileHashes)" [_thread_blocked, id=24944, stack(0x000000b266800000,0x000000b266900000)]

Other Threads:
  0x0000029daa4b6050 VMThread "VM Thread" [stack: 0x000000b264800000,0x000000b264900000] [id=12936]
  0x0000029dab0fe0a0 WatcherThread [stack: 0x000000b265400000,0x000000b265500000] [id=2724]
  0x0000029d8fd14a20 GCTaskThread "GC Thread#0" [stack: 0x000000b264300000,0x000000b264400000] [id=18792]
  0x0000029dabc9da40 GCTaskThread "GC Thread#1" [stack: 0x000000b265700000,0x000000b265800000] [id=16604]
  0x0000029dabcd0860 GCTaskThread "GC Thread#2" [stack: 0x000000b265800000,0x000000b265900000] [id=27576]
  0x0000029dab703a20 GCTaskThread "GC Thread#3" [stack: 0x000000b265900000,0x000000b265a00000] [id=13616]
  0x0000029dabfa6520 GCTaskThread "GC Thread#4" [stack: 0x000000b265a00000,0x000000b265b00000] [id=3060]
  0x0000029dabfa6830 GCTaskThread "GC Thread#5" [stack: 0x000000b265b00000,0x000000b265c00000] [id=29816]
  0x0000029d8fd1a820 ConcurrentGCThread "G1 Main Marker" [stack: 0x000000b264400000,0x000000b264500000] [id=4156]
  0x0000029d8fd1bf50 ConcurrentGCThread "G1 Conc#0" [stack: 0x000000b264500000,0x000000b264600000] [id=27692]
  0x0000029daa3720d0 ConcurrentGCThread "G1 Refine#0" [stack: 0x000000b264600000,0x000000b264700000] [id=22748]
  0x0000029daa372800 ConcurrentGCThread "G1 Service" [stack: 0x000000b264700000,0x000000b264800000] [id=25820]

Threads with active compile tasks:
C2 CompilerThread0     2521 2084   !   4       java.net.URLClassLoader::findClass (47 bytes)
C1 CompilerThread0     2521 2111       3       sun.reflect.generics.factory.CoreReflectionFactory::getDeclsLoader (85 bytes)
C2 CompilerThread1     2521 2085   !   4       java.net.URLClassLoader$1::run (63 bytes)
C2 CompilerThread2     2521 2034   !   4       java.lang.ClassLoader::loadClass (122 bytes)

VM state: not at safepoint (normal execution)

VM Mutex/Monitor currently owned by a thread: None

Heap address: 0x00000000e0000000, size: 512 MB, Compressed Oops mode: 32-bit

CDS archive(s) mapped at: [0x0000000800000000-0x0000000800bb0000-0x0000000800bb0000), size 12255232, SharedBaseAddress: 0x0000000800000000, ArchiveRelocationMode: 0.
Compressed class space mapped at: 0x0000000800c00000-0x000000080dc00000, reserved size: 218103808
Narrow klass base: 0x0000000800000000, Narrow klass shift: 3, Narrow klass range: 0x100000000

GC Precious Log:
 CPUs: 8 total, 8 available
 Memory: 16130M
 Large Page Support: Disabled
 NUMA Support: Disabled
 Compressed Oops: Enabled (32-bit)
 Heap Region Size: 1M
 Heap Min Capacity: 256M
 Heap Initial Capacity: 256M
 Heap Max Capacity: 512M
 Pre-touch: Disabled
 Parallel Workers: 8
 Concurrent Workers: 2
 Concurrent Refinement Workers: 8
 Periodic GC: Disabled

Heap:
 garbage-first heap   total 262144K, used 76664K [0x00000000e0000000, 0x0000000100000000)
  region size 1024K, 67 young (68608K), 2 survivors (2048K)
 Metaspace       used 14709K, committed 15040K, reserved 229376K
  class space    used 2124K, committed 2304K, reserved 212992K

Heap Regions: E=young(eden), S=young(survivor), O=old, HS=humongous(starts), HC=humongous(continues), CS=collection set, F=free, OA=open archive, CA=closed archive, TAMS=top-at-mark-start (previous, next)
|   0|0x00000000e0000000, 0x00000000e0100000, 0x00000000e0100000|100%|HS|  |TAMS 0x00000000e0000000, 0x00000000e0000000| Complete 
|   1|0x00000000e0100000, 0x00000000e0200000, 0x00000000e0200000|100%| O|  |TAMS 0x00000000e0100000, 0x00000000e0100000| Untracked 
|   2|0x00000000e0200000, 0x00000000e02a6400, 0x00000000e0300000| 64%| O|  |TAMS 0x00000000e0200000, 0x00000000e0200000| Untracked 
|   3|0x00000000e0300000, 0x00000000e0400000, 0x00000000e0400000|100%|HS|  |TAMS 0x00000000e0300000, 0x00000000e0300000| Complete 
|   4|0x00000000e0400000, 0x00000000e0500000, 0x00000000e0500000|100%|HC|  |TAMS 0x00000000e0400000, 0x00000000e0400000| Complete 
|   5|0x00000000e0500000, 0x00000000e0600000, 0x00000000e0600000|100%|HC|  |TAMS 0x00000000e0500000, 0x00000000e0500000| Complete 
|   6|0x00000000e0600000, 0x00000000e0700000, 0x00000000e0700000|100%| O|  |TAMS 0x00000000e0600000, 0x00000000e0600000| Untracked 
|   7|0x00000000e0700000, 0x00000000e0800000, 0x00000000e0800000|100%| O|  |TAMS 0x00000000e0700000, 0x00000000e0700000| Untracked 
|   8|0x00000000e0800000, 0x00000000e0900000, 0x00000000e0900000|100%| O|  |TAMS 0x00000000e0800000, 0x00000000e0800000| Untracked 
|   9|0x00000000e0900000, 0x00000000e0a00000, 0x00000000e0a00000|100%| O|  |TAMS 0x00000000e0900000, 0x00000000e0900000| Untracked 
|  10|0x00000000e0a00000, 0x00000000e0a00000, 0x00000000e0b00000|  0%| F|  |TAMS 0x00000000e0a00000, 0x00000000e0a00000| Untracked 
|  11|0x00000000e0b00000, 0x00000000e0b00000, 0x00000000e0c00000|  0%| F|  |TAMS 0x00000000e0b00000, 0x00000000e0b00000| Untracked 
|  12|0x00000000e0c00000, 0x00000000e0c00000, 0x00000000e0d00000|  0%| F|  |TAMS 0x00000000e0c00000, 0x00000000e0c00000| Untracked 
|  13|0x00000000e0d00000, 0x00000000e0d00000, 0x00000000e0e00000|  0%| F|  |TAMS 0x00000000e0d00000, 0x00000000e0d00000| Untracked 
|  14|0x00000000e0e00000, 0x00000000e0e00000, 0x00000000e0f00000|  0%| F|  |TAMS 0x00000000e0e00000, 0x00000000e0e00000| Untracked 
|  15|0x00000000e0f00000, 0x00000000e0f00000, 0x00000000e1000000|  0%| F|  |TAMS 0x00000000e0f00000, 0x00000000e0f00000| Untracked 
|  16|0x00000000e1000000, 0x00000000e1000000, 0x00000000e1100000|  0%| F|  |TAMS 0x00000000e1000000, 0x00000000e1000000| Untracked 
|  17|0x00000000e1100000, 0x00000000e1100000, 0x00000000e1200000|  0%| F|  |TAMS 0x00000000e1100000, 0x00000000e1100000| Untracked 
|  18|0x00000000e1200000, 0x00000000e1200000, 0x00000000e1300000|  0%| F|  |TAMS 0x00000000e1200000, 0x00000000e1200000| Untracked 
|  19|0x00000000e1300000, 0x00000000e1300000, 0x00000000e1400000|  0%| F|  |TAMS 0x00000000e1300000, 0x00000000e1300000| Untracked 
|  20|0x00000000e1400000, 0x00000000e1400000, 0x00000000e1500000|  0%| F|  |TAMS 0x00000000e1400000, 0x00000000e1400000| Untracked 
|  21|0x00000000e1500000, 0x00000000e1500000, 0x00000000e1600000|  0%| F|  |TAMS 0x00000000e1500000, 0x00000000e1500000| Untracked 
|  22|0x00000000e1600000, 0x00000000e1600000, 0x00000000e1700000|  0%| F|  |TAMS 0x00000000e1600000, 0x00000000e1600000| Untracked 
|  23|0x00000000e1700000, 0x00000000e1700000, 0x00000000e1800000|  0%| F|  |TAMS 0x00000000e1700000, 0x00000000e1700000| Untracked 
|  24|0x00000000e1800000, 0x00000000e1800000, 0x00000000e1900000|  0%| F|  |TAMS 0x00000000e1800000, 0x00000000e1800000| Untracked 
|  25|0x00000000e1900000, 0x00000000e1900000, 0x00000000e1a00000|  0%| F|  |TAMS 0x00000000e1900000, 0x00000000e1900000| Untracked 
|  26|0x00000000e1a00000, 0x00000000e1a00000, 0x00000000e1b00000|  0%| F|  |TAMS 0x00000000e1a00000, 0x00000000e1a00000| Untracked 
|  27|0x00000000e1b00000, 0x00000000e1b00000, 0x00000000e1c00000|  0%| F|  |TAMS 0x00000000e1b00000, 0x00000000e1b00000| Untracked 
|  28|0x00000000e1c00000, 0x00000000e1c00000, 0x00000000e1d00000|  0%| F|  |TAMS 0x00000000e1c00000, 0x00000000e1c00000| Untracked 
|  29|0x00000000e1d00000, 0x00000000e1d00000, 0x00000000e1e00000|  0%| F|  |TAMS 0x00000000e1d00000, 0x00000000e1d00000| Untracked 
|  30|0x00000000e1e00000, 0x00000000e1e00000, 0x00000000e1f00000|  0%| F|  |TAMS 0x00000000e1e00000, 0x00000000e1e00000| Untracked 
|  31|0x00000000e1f00000, 0x00000000e1f00000, 0x00000000e2000000|  0%| F|  |TAMS 0x00000000e1f00000, 0x00000000e1f00000| Untracked 
|  32|0x00000000e2000000, 0x00000000e2000000, 0x00000000e2100000|  0%| F|  |TAMS 0x00000000e2000000, 0x00000000e2000000| Untracked 
|  33|0x00000000e2100000, 0x00000000e2100000, 0x00000000e2200000|  0%| F|  |TAMS 0x00000000e2100000, 0x00000000e2100000| Untracked 
|  34|0x00000000e2200000, 0x00000000e2200000, 0x00000000e2300000|  0%| F|  |TAMS 0x00000000e2200000, 0x00000000e2200000| Untracked 
|  35|0x00000000e2300000, 0x00000000e2300000, 0x00000000e2400000|  0%| F|  |TAMS 0x00000000e2300000, 0x00000000e2300000| Untracked 
|  36|0x00000000e2400000, 0x00000000e2400000, 0x00000000e2500000|  0%| F|  |TAMS 0x00000000e2400000, 0x00000000e2400000| Untracked 
|  37|0x00000000e2500000, 0x00000000e2500000, 0x00000000e2600000|  0%| F|  |TAMS 0x00000000e2500000, 0x00000000e2500000| Untracked 
|  38|0x00000000e2600000, 0x00000000e2600000, 0x00000000e2700000|  0%| F|  |TAMS 0x00000000e2600000, 0x00000000e2600000| Untracked 
|  39|0x00000000e2700000, 0x00000000e2700000, 0x00000000e2800000|  0%| F|  |TAMS 0x00000000e2700000, 0x00000000e2700000| Untracked 
|  40|0x00000000e2800000, 0x00000000e2800000, 0x00000000e2900000|  0%| F|  |TAMS 0x00000000e2800000, 0x00000000e2800000| Untracked 
|  41|0x00000000e2900000, 0x00000000e2900000, 0x00000000e2a00000|  0%| F|  |TAMS 0x00000000e2900000, 0x00000000e2900000| Untracked 
|  42|0x00000000e2a00000, 0x00000000e2a00000, 0x00000000e2b00000|  0%| F|  |TAMS 0x00000000e2a00000, 0x00000000e2a00000| Untracked 
|  43|0x00000000e2b00000, 0x00000000e2b00000, 0x00000000e2c00000|  0%| F|  |TAMS 0x00000000e2b00000, 0x00000000e2b00000| Untracked 
|  44|0x00000000e2c00000, 0x00000000e2c00000, 0x00000000e2d00000|  0%| F|  |TAMS 0x00000000e2c00000, 0x00000000e2c00000| Untracked 
|  45|0x00000000e2d00000, 0x00000000e2d00000, 0x00000000e2e00000|  0%| F|  |TAMS 0x00000000e2d00000, 0x00000000e2d00000| Untracked 
|  46|0x00000000e2e00000, 0x00000000e2e00000, 0x00000000e2f00000|  0%| F|  |TAMS 0x00000000e2e00000, 0x00000000e2e00000| Untracked 
|  47|0x00000000e2f00000, 0x00000000e2f00000, 0x00000000e3000000|  0%| F|  |TAMS 0x00000000e2f00000, 0x00000000e2f00000| Untracked 
|  48|0x00000000e3000000, 0x00000000e3000000, 0x00000000e3100000|  0%| F|  |TAMS 0x00000000e3000000, 0x00000000e3000000| Untracked 
|  49|0x00000000e3100000, 0x00000000e3100000, 0x00000000e3200000|  0%| F|  |TAMS 0x00000000e3100000, 0x00000000e3100000| Untracked 
|  50|0x00000000e3200000, 0x00000000e3200000, 0x00000000e3300000|  0%| F|  |TAMS 0x00000000e3200000, 0x00000000e3200000| Untracked 
|  51|0x00000000e3300000, 0x00000000e3300000, 0x00000000e3400000|  0%| F|  |TAMS 0x00000000e3300000, 0x00000000e3300000| Untracked 
|  52|0x00000000e3400000, 0x00000000e3400000, 0x00000000e3500000|  0%| F|  |TAMS 0x00000000e3400000, 0x00000000e3400000| Untracked 
|  53|0x00000000e3500000, 0x00000000e3500000, 0x00000000e3600000|  0%| F|  |TAMS 0x00000000e3500000, 0x00000000e3500000| Untracked 
|  54|0x00000000e3600000, 0x00000000e3600000, 0x00000000e3700000|  0%| F|  |TAMS 0x00000000e3600000, 0x00000000e3600000| Untracked 
|  55|0x00000000e3700000, 0x00000000e3700000, 0x00000000e3800000|  0%| F|  |TAMS 0x00000000e3700000, 0x00000000e3700000| Untracked 
|  56|0x00000000e3800000, 0x00000000e3800000, 0x00000000e3900000|  0%| F|  |TAMS 0x00000000e3800000, 0x00000000e3800000| Untracked 
|  57|0x00000000e3900000, 0x00000000e3900000, 0x00000000e3a00000|  0%| F|  |TAMS 0x00000000e3900000, 0x00000000e3900000| Untracked 
|  58|0x00000000e3a00000, 0x00000000e3a00000, 0x00000000e3b00000|  0%| F|  |TAMS 0x00000000e3a00000, 0x00000000e3a00000| Untracked 
|  59|0x00000000e3b00000, 0x00000000e3b00000, 0x00000000e3c00000|  0%| F|  |TAMS 0x00000000e3b00000, 0x00000000e3b00000| Untracked 
|  60|0x00000000e3c00000, 0x00000000e3c00000, 0x00000000e3d00000|  0%| F|  |TAMS 0x00000000e3c00000, 0x00000000e3c00000| Untracked 
|  61|0x00000000e3d00000, 0x00000000e3d00000, 0x00000000e3e00000|  0%| F|  |TAMS 0x00000000e3d00000, 0x00000000e3d00000| Untracked 
|  62|0x00000000e3e00000, 0x00000000e3e00000, 0x00000000e3f00000|  0%| F|  |TAMS 0x00000000e3e00000, 0x00000000e3e00000| Untracked 
|  63|0x00000000e3f00000, 0x00000000e3f00000, 0x00000000e4000000|  0%| F|  |TAMS 0x00000000e3f00000, 0x00000000e3f00000| Untracked 
|  64|0x00000000e4000000, 0x00000000e4000000, 0x00000000e4100000|  0%| F|  |TAMS 0x00000000e4000000, 0x00000000e4000000| Untracked 
|  65|0x00000000e4100000, 0x00000000e4100000, 0x00000000e4200000|  0%| F|  |TAMS 0x00000000e4100000, 0x00000000e4100000| Untracked 
|  66|0x00000000e4200000, 0x00000000e4200000, 0x00000000e4300000|  0%| F|  |TAMS 0x00000000e4200000, 0x00000000e4200000| Untracked 
|  67|0x00000000e4300000, 0x00000000e4300000, 0x00000000e4400000|  0%| F|  |TAMS 0x00000000e4300000, 0x00000000e4300000| Untracked 
|  68|0x00000000e4400000, 0x00000000e4400000, 0x00000000e4500000|  0%| F|  |TAMS 0x00000000e4400000, 0x00000000e4400000| Untracked 
|  69|0x00000000e4500000, 0x00000000e4500000, 0x00000000e4600000|  0%| F|  |TAMS 0x00000000e4500000, 0x00000000e4500000| Untracked 
|  70|0x00000000e4600000, 0x00000000e4600000, 0x00000000e4700000|  0%| F|  |TAMS 0x00000000e4600000, 0x00000000e4600000| Untracked 
|  71|0x00000000e4700000, 0x00000000e4700000, 0x00000000e4800000|  0%| F|  |TAMS 0x00000000e4700000, 0x00000000e4700000| Untracked 
|  72|0x00000000e4800000, 0x00000000e4800000, 0x00000000e4900000|  0%| F|  |TAMS 0x00000000e4800000, 0x00000000e4800000| Untracked 
|  73|0x00000000e4900000, 0x00000000e4900000, 0x00000000e4a00000|  0%| F|  |TAMS 0x00000000e4900000, 0x00000000e4900000| Untracked 
|  74|0x00000000e4a00000, 0x00000000e4a00000, 0x00000000e4b00000|  0%| F|  |TAMS 0x00000000e4a00000, 0x00000000e4a00000| Untracked 
|  75|0x00000000e4b00000, 0x00000000e4b00000, 0x00000000e4c00000|  0%| F|  |TAMS 0x00000000e4b00000, 0x00000000e4b00000| Untracked 
|  76|0x00000000e4c00000, 0x00000000e4c00000, 0x00000000e4d00000|  0%| F|  |TAMS 0x00000000e4c00000, 0x00000000e4c00000| Untracked 
|  77|0x00000000e4d00000, 0x00000000e4d00000, 0x00000000e4e00000|  0%| F|  |TAMS 0x00000000e4d00000, 0x00000000e4d00000| Untracked 
|  78|0x00000000e4e00000, 0x00000000e4e00000, 0x00000000e4f00000|  0%| F|  |TAMS 0x00000000e4e00000, 0x00000000e4e00000| Untracked 
|  79|0x00000000e4f00000, 0x00000000e4f00000, 0x00000000e5000000|  0%| F|  |TAMS 0x00000000e4f00000, 0x00000000e4f00000| Untracked 
|  80|0x00000000e5000000, 0x00000000e5000000, 0x00000000e5100000|  0%| F|  |TAMS 0x00000000e5000000, 0x00000000e5000000| Untracked 
|  81|0x00000000e5100000, 0x00000000e5100000, 0x00000000e5200000|  0%| F|  |TAMS 0x00000000e5100000, 0x00000000e5100000| Untracked 
|  82|0x00000000e5200000, 0x00000000e5200000, 0x00000000e5300000|  0%| F|  |TAMS 0x00000000e5200000, 0x00000000e5200000| Untracked 
|  83|0x00000000e5300000, 0x00000000e5300000, 0x00000000e5400000|  0%| F|  |TAMS 0x00000000e5300000, 0x00000000e5300000| Untracked 
|  84|0x00000000e5400000, 0x00000000e5400000, 0x00000000e5500000|  0%| F|  |TAMS 0x00000000e5400000, 0x00000000e5400000| Untracked 
|  85|0x00000000e5500000, 0x00000000e5500000, 0x00000000e5600000|  0%| F|  |TAMS 0x00000000e5500000, 0x00000000e5500000| Untracked 
|  86|0x00000000e5600000, 0x00000000e5600000, 0x00000000e5700000|  0%| F|  |TAMS 0x00000000e5600000, 0x00000000e5600000| Untracked 
|  87|0x00000000e5700000, 0x00000000e5700000, 0x00000000e5800000|  0%| F|  |TAMS 0x00000000e5700000, 0x00000000e5700000| Untracked 
|  88|0x00000000e5800000, 0x00000000e5800000, 0x00000000e5900000|  0%| F|  |TAMS 0x00000000e5800000, 0x00000000e5800000| Untracked 
|  89|0x00000000e5900000, 0x00000000e5900000, 0x00000000e5a00000|  0%| F|  |TAMS 0x00000000e5900000, 0x00000000e5900000| Untracked 
|  90|0x00000000e5a00000, 0x00000000e5a00000, 0x00000000e5b00000|  0%| F|  |TAMS 0x00000000e5a00000, 0x00000000e5a00000| Untracked 
|  91|0x00000000e5b00000, 0x00000000e5b00000, 0x00000000e5c00000|  0%| F|  |TAMS 0x00000000e5b00000, 0x00000000e5b00000| Untracked 
|  92|0x00000000e5c00000, 0x00000000e5c00000, 0x00000000e5d00000|  0%| F|  |TAMS 0x00000000e5c00000, 0x00000000e5c00000| Untracked 
|  93|0x00000000e5d00000, 0x00000000e5d00000, 0x00000000e5e00000|  0%| F|  |TAMS 0x00000000e5d00000, 0x00000000e5d00000| Untracked 
|  94|0x00000000e5e00000, 0x00000000e5e00000, 0x00000000e5f00000|  0%| F|  |TAMS 0x00000000e5e00000, 0x00000000e5e00000| Untracked 
|  95|0x00000000e5f00000, 0x00000000e5f00000, 0x00000000e6000000|  0%| F|  |TAMS 0x00000000e5f00000, 0x00000000e5f00000| Untracked 
|  96|0x00000000e6000000, 0x00000000e6000000, 0x00000000e6100000|  0%| F|  |TAMS 0x00000000e6000000, 0x00000000e6000000| Untracked 
|  97|0x00000000e6100000, 0x00000000e6100000, 0x00000000e6200000|  0%| F|  |TAMS 0x00000000e6100000, 0x00000000e6100000| Untracked 
|  98|0x00000000e6200000, 0x00000000e6200000, 0x00000000e6300000|  0%| F|  |TAMS 0x00000000e6200000, 0x00000000e6200000| Untracked 
|  99|0x00000000e6300000, 0x00000000e6300000, 0x00000000e6400000|  0%| F|  |TAMS 0x00000000e6300000, 0x00000000e6300000| Untracked 
| 100|0x00000000e6400000, 0x00000000e6400000, 0x00000000e6500000|  0%| F|  |TAMS 0x00000000e6400000, 0x00000000e6400000| Untracked 
| 101|0x00000000e6500000, 0x00000000e6500000, 0x00000000e6600000|  0%| F|  |TAMS 0x00000000e6500000, 0x00000000e6500000| Untracked 
| 102|0x00000000e6600000, 0x00000000e6600000, 0x00000000e6700000|  0%| F|  |TAMS 0x00000000e6600000, 0x00000000e6600000| Untracked 
| 103|0x00000000e6700000, 0x00000000e6700000, 0x00000000e6800000|  0%| F|  |TAMS 0x00000000e6700000, 0x00000000e6700000| Untracked 
| 104|0x00000000e6800000, 0x00000000e6800000, 0x00000000e6900000|  0%| F|  |TAMS 0x00000000e6800000, 0x00000000e6800000| Untracked 
| 105|0x00000000e6900000, 0x00000000e6900000, 0x00000000e6a00000|  0%| F|  |TAMS 0x00000000e6900000, 0x00000000e6900000| Untracked 
| 106|0x00000000e6a00000, 0x00000000e6a00000, 0x00000000e6b00000|  0%| F|  |TAMS 0x00000000e6a00000, 0x00000000e6a00000| Untracked 
| 107|0x00000000e6b00000, 0x00000000e6b00000, 0x00000000e6c00000|  0%| F|  |TAMS 0x00000000e6b00000, 0x00000000e6b00000| Untracked 
| 108|0x00000000e6c00000, 0x00000000e6c00000, 0x00000000e6d00000|  0%| F|  |TAMS 0x00000000e6c00000, 0x00000000e6c00000| Untracked 
| 109|0x00000000e6d00000, 0x00000000e6d00000, 0x00000000e6e00000|  0%| F|  |TAMS 0x00000000e6d00000, 0x00000000e6d00000| Untracked 
| 110|0x00000000e6e00000, 0x00000000e6e00000, 0x00000000e6f00000|  0%| F|  |TAMS 0x00000000e6e00000, 0x00000000e6e00000| Untracked 
| 111|0x00000000e6f00000, 0x00000000e6f00000, 0x00000000e7000000|  0%| F|  |TAMS 0x00000000e6f00000, 0x00000000e6f00000| Untracked 
| 112|0x00000000e7000000, 0x00000000e7000000, 0x00000000e7100000|  0%| F|  |TAMS 0x00000000e7000000, 0x00000000e7000000| Untracked 
| 113|0x00000000e7100000, 0x00000000e7100000, 0x00000000e7200000|  0%| F|  |TAMS 0x00000000e7100000, 0x00000000e7100000| Untracked 
| 114|0x00000000e7200000, 0x00000000e7200000, 0x00000000e7300000|  0%| F|  |TAMS 0x00000000e7200000, 0x00000000e7200000| Untracked 
| 115|0x00000000e7300000, 0x00000000e7300000, 0x00000000e7400000|  0%| F|  |TAMS 0x00000000e7300000, 0x00000000e7300000| Untracked 
| 116|0x00000000e7400000, 0x00000000e7400000, 0x00000000e7500000|  0%| F|  |TAMS 0x00000000e7400000, 0x00000000e7400000| Untracked 
| 117|0x00000000e7500000, 0x00000000e7500000, 0x00000000e7600000|  0%| F|  |TAMS 0x00000000e7500000, 0x00000000e7500000| Untracked 
| 118|0x00000000e7600000, 0x00000000e7600000, 0x00000000e7700000|  0%| F|  |TAMS 0x00000000e7600000, 0x00000000e7600000| Untracked 
| 119|0x00000000e7700000, 0x00000000e7700000, 0x00000000e7800000|  0%| F|  |TAMS 0x00000000e7700000, 0x00000000e7700000| Untracked 
| 120|0x00000000e7800000, 0x00000000e7800000, 0x00000000e7900000|  0%| F|  |TAMS 0x00000000e7800000, 0x00000000e7800000| Untracked 
| 121|0x00000000e7900000, 0x00000000e7900000, 0x00000000e7a00000|  0%| F|  |TAMS 0x00000000e7900000, 0x00000000e7900000| Untracked 
| 122|0x00000000e7a00000, 0x00000000e7a00000, 0x00000000e7b00000|  0%| F|  |TAMS 0x00000000e7a00000, 0x00000000e7a00000| Untracked 
| 123|0x00000000e7b00000, 0x00000000e7b00000, 0x00000000e7c00000|  0%| F|  |TAMS 0x00000000e7b00000, 0x00000000e7b00000| Untracked 
| 124|0x00000000e7c00000, 0x00000000e7c00000, 0x00000000e7d00000|  0%| F|  |TAMS 0x00000000e7c00000, 0x00000000e7c00000| Untracked 
| 125|0x00000000e7d00000, 0x00000000e7d00000, 0x00000000e7e00000|  0%| F|  |TAMS 0x00000000e7d00000, 0x00000000e7d00000| Untracked 
| 126|0x00000000e7e00000, 0x00000000e7e00000, 0x00000000e7f00000|  0%| F|  |TAMS 0x00000000e7e00000, 0x00000000e7e00000| Untracked 
| 127|0x00000000e7f00000, 0x00000000e7f00000, 0x00000000e8000000|  0%| F|  |TAMS 0x00000000e7f00000, 0x00000000e7f00000| Untracked 
| 128|0x00000000e8000000, 0x00000000e8000000, 0x00000000e8100000|  0%| F|  |TAMS 0x00000000e8000000, 0x00000000e8000000| Untracked 
| 129|0x00000000e8100000, 0x00000000e8100000, 0x00000000e8200000|  0%| F|  |TAMS 0x00000000e8100000, 0x00000000e8100000| Untracked 
| 130|0x00000000e8200000, 0x00000000e8200000, 0x00000000e8300000|  0%| F|  |TAMS 0x00000000e8200000, 0x00000000e8200000| Untracked 
| 131|0x00000000e8300000, 0x00000000e8300000, 0x00000000e8400000|  0%| F|  |TAMS 0x00000000e8300000, 0x00000000e8300000| Untracked 
| 132|0x00000000e8400000, 0x00000000e8400000, 0x00000000e8500000|  0%| F|  |TAMS 0x00000000e8400000, 0x00000000e8400000| Untracked 
| 133|0x00000000e8500000, 0x00000000e8500000, 0x00000000e8600000|  0%| F|  |TAMS 0x00000000e8500000, 0x00000000e8500000| Untracked 
| 134|0x00000000e8600000, 0x00000000e8600000, 0x00000000e8700000|  0%| F|  |TAMS 0x00000000e8600000, 0x00000000e8600000| Untracked 
| 135|0x00000000e8700000, 0x00000000e8700000, 0x00000000e8800000|  0%| F|  |TAMS 0x00000000e8700000, 0x00000000e8700000| Untracked 
| 136|0x00000000e8800000, 0x00000000e8800000, 0x00000000e8900000|  0%| F|  |TAMS 0x00000000e8800000, 0x00000000e8800000| Untracked 
| 137|0x00000000e8900000, 0x00000000e8900000, 0x00000000e8a00000|  0%| F|  |TAMS 0x00000000e8900000, 0x00000000e8900000| Untracked 
| 138|0x00000000e8a00000, 0x00000000e8a00000, 0x00000000e8b00000|  0%| F|  |TAMS 0x00000000e8a00000, 0x00000000e8a00000| Untracked 
| 139|0x00000000e8b00000, 0x00000000e8b00000, 0x00000000e8c00000|  0%| F|  |TAMS 0x00000000e8b00000, 0x00000000e8b00000| Untracked 
| 140|0x00000000e8c00000, 0x00000000e8c00000, 0x00000000e8d00000|  0%| F|  |TAMS 0x00000000e8c00000, 0x00000000e8c00000| Untracked 
| 141|0x00000000e8d00000, 0x00000000e8d00000, 0x00000000e8e00000|  0%| F|  |TAMS 0x00000000e8d00000, 0x00000000e8d00000| Untracked 
| 142|0x00000000e8e00000, 0x00000000e8e00000, 0x00000000e8f00000|  0%| F|  |TAMS 0x00000000e8e00000, 0x00000000e8e00000| Untracked 
| 143|0x00000000e8f00000, 0x00000000e8f00000, 0x00000000e9000000|  0%| F|  |TAMS 0x00000000e8f00000, 0x00000000e8f00000| Untracked 
| 144|0x00000000e9000000, 0x00000000e9000000, 0x00000000e9100000|  0%| F|  |TAMS 0x00000000e9000000, 0x00000000e9000000| Untracked 
| 145|0x00000000e9100000, 0x00000000e9100000, 0x00000000e9200000|  0%| F|  |TAMS 0x00000000e9100000, 0x00000000e9100000| Untracked 
| 146|0x00000000e9200000, 0x00000000e9200000, 0x00000000e9300000|  0%| F|  |TAMS 0x00000000e9200000, 0x00000000e9200000| Untracked 
| 147|0x00000000e9300000, 0x00000000e9300000, 0x00000000e9400000|  0%| F|  |TAMS 0x00000000e9300000, 0x00000000e9300000| Untracked 
| 148|0x00000000e9400000, 0x00000000e9400000, 0x00000000e9500000|  0%| F|  |TAMS 0x00000000e9400000, 0x00000000e9400000| Untracked 
| 149|0x00000000e9500000, 0x00000000e9500000, 0x00000000e9600000|  0%| F|  |TAMS 0x00000000e9500000, 0x00000000e9500000| Untracked 
| 150|0x00000000e9600000, 0x00000000e9600000, 0x00000000e9700000|  0%| F|  |TAMS 0x00000000e9600000, 0x00000000e9600000| Untracked 
| 151|0x00000000e9700000, 0x00000000e9700000, 0x00000000e9800000|  0%| F|  |TAMS 0x00000000e9700000, 0x00000000e9700000| Untracked 
| 152|0x00000000e9800000, 0x00000000e9800000, 0x00000000e9900000|  0%| F|  |TAMS 0x00000000e9800000, 0x00000000e9800000| Untracked 
| 153|0x00000000e9900000, 0x00000000e9900000, 0x00000000e9a00000|  0%| F|  |TAMS 0x00000000e9900000, 0x00000000e9900000| Untracked 
| 154|0x00000000e9a00000, 0x00000000e9a00000, 0x00000000e9b00000|  0%| F|  |TAMS 0x00000000e9a00000, 0x00000000e9a00000| Untracked 
| 155|0x00000000e9b00000, 0x00000000e9b00000, 0x00000000e9c00000|  0%| F|  |TAMS 0x00000000e9b00000, 0x00000000e9b00000| Untracked 
| 156|0x00000000e9c00000, 0x00000000e9c00000, 0x00000000e9d00000|  0%| F|  |TAMS 0x00000000e9c00000, 0x00000000e9c00000| Untracked 
| 157|0x00000000e9d00000, 0x00000000e9d00000, 0x00000000e9e00000|  0%| F|  |TAMS 0x00000000e9d00000, 0x00000000e9d00000| Untracked 
| 158|0x00000000e9e00000, 0x00000000e9e00000, 0x00000000e9f00000|  0%| F|  |TAMS 0x00000000e9e00000, 0x00000000e9e00000| Untracked 
| 159|0x00000000e9f00000, 0x00000000e9f00000, 0x00000000ea000000|  0%| F|  |TAMS 0x00000000e9f00000, 0x00000000e9f00000| Untracked 
| 160|0x00000000ea000000, 0x00000000ea000000, 0x00000000ea100000|  0%| F|  |TAMS 0x00000000ea000000, 0x00000000ea000000| Untracked 
| 161|0x00000000ea100000, 0x00000000ea100000, 0x00000000ea200000|  0%| F|  |TAMS 0x00000000ea100000, 0x00000000ea100000| Untracked 
| 162|0x00000000ea200000, 0x00000000ea200000, 0x00000000ea300000|  0%| F|  |TAMS 0x00000000ea200000, 0x00000000ea200000| Untracked 
| 163|0x00000000ea300000, 0x00000000ea300000, 0x00000000ea400000|  0%| F|  |TAMS 0x00000000ea300000, 0x00000000ea300000| Untracked 
| 164|0x00000000ea400000, 0x00000000ea400000, 0x00000000ea500000|  0%| F|  |TAMS 0x00000000ea400000, 0x00000000ea400000| Untracked 
| 165|0x00000000ea500000, 0x00000000ea500000, 0x00000000ea600000|  0%| F|  |TAMS 0x00000000ea500000, 0x00000000ea500000| Untracked 
| 166|0x00000000ea600000, 0x00000000ea600000, 0x00000000ea700000|  0%| F|  |TAMS 0x00000000ea600000, 0x00000000ea600000| Untracked 
| 167|0x00000000ea700000, 0x00000000ea700000, 0x00000000ea800000|  0%| F|  |TAMS 0x00000000ea700000, 0x00000000ea700000| Untracked 
| 168|0x00000000ea800000, 0x00000000ea800000, 0x00000000ea900000|  0%| F|  |TAMS 0x00000000ea800000, 0x00000000ea800000| Untracked 
| 169|0x00000000ea900000, 0x00000000ea900000, 0x00000000eaa00000|  0%| F|  |TAMS 0x00000000ea900000, 0x00000000ea900000| Untracked 
| 170|0x00000000eaa00000, 0x00000000eaa00000, 0x00000000eab00000|  0%| F|  |TAMS 0x00000000eaa00000, 0x00000000eaa00000| Untracked 
| 171|0x00000000eab00000, 0x00000000eab00000, 0x00000000eac00000|  0%| F|  |TAMS 0x00000000eab00000, 0x00000000eab00000| Untracked 
| 172|0x00000000eac00000, 0x00000000eac00000, 0x00000000ead00000|  0%| F|  |TAMS 0x00000000eac00000, 0x00000000eac00000| Untracked 
| 173|0x00000000ead00000, 0x00000000ead00000, 0x00000000eae00000|  0%| F|  |TAMS 0x00000000ead00000, 0x00000000ead00000| Untracked 
| 174|0x00000000eae00000, 0x00000000eae00000, 0x00000000eaf00000|  0%| F|  |TAMS 0x00000000eae00000, 0x00000000eae00000| Untracked 
| 175|0x00000000eaf00000, 0x00000000eaf00000, 0x00000000eb000000|  0%| F|  |TAMS 0x00000000eaf00000, 0x00000000eaf00000| Untracked 
| 176|0x00000000eb000000, 0x00000000eb000000, 0x00000000eb100000|  0%| F|  |TAMS 0x00000000eb000000, 0x00000000eb000000| Untracked 
| 177|0x00000000eb100000, 0x00000000eb100000, 0x00000000eb200000|  0%| F|  |TAMS 0x00000000eb100000, 0x00000000eb100000| Untracked 
| 178|0x00000000eb200000, 0x00000000eb200000, 0x00000000eb300000|  0%| F|  |TAMS 0x00000000eb200000, 0x00000000eb200000| Untracked 
| 179|0x00000000eb300000, 0x00000000eb300000, 0x00000000eb400000|  0%| F|  |TAMS 0x00000000eb300000, 0x00000000eb300000| Untracked 
| 180|0x00000000eb400000, 0x00000000eb400000, 0x00000000eb500000|  0%| F|  |TAMS 0x00000000eb400000, 0x00000000eb400000| Untracked 
| 181|0x00000000eb500000, 0x00000000eb500000, 0x00000000eb600000|  0%| F|  |TAMS 0x00000000eb500000, 0x00000000eb500000| Untracked 
| 182|0x00000000eb600000, 0x00000000eb600000, 0x00000000eb700000|  0%| F|  |TAMS 0x00000000eb600000, 0x00000000eb600000| Untracked 
| 183|0x00000000eb700000, 0x00000000eb700000, 0x00000000eb800000|  0%| F|  |TAMS 0x00000000eb700000, 0x00000000eb700000| Untracked 
| 184|0x00000000eb800000, 0x00000000eb800000, 0x00000000eb900000|  0%| F|  |TAMS 0x00000000eb800000, 0x00000000eb800000| Untracked 
| 185|0x00000000eb900000, 0x00000000eb900000, 0x00000000eba00000|  0%| F|  |TAMS 0x00000000eb900000, 0x00000000eb900000| Untracked 
| 186|0x00000000eba00000, 0x00000000eba00000, 0x00000000ebb00000|  0%| F|  |TAMS 0x00000000eba00000, 0x00000000eba00000| Untracked 
| 187|0x00000000ebb00000, 0x00000000ebb00000, 0x00000000ebc00000|  0%| F|  |TAMS 0x00000000ebb00000, 0x00000000ebb00000| Untracked 
| 188|0x00000000ebc00000, 0x00000000ebc00000, 0x00000000ebd00000|  0%| F|  |TAMS 0x00000000ebc00000, 0x00000000ebc00000| Untracked 
| 189|0x00000000ebd00000, 0x00000000ebe00000, 0x00000000ebe00000|100%| E|  |TAMS 0x00000000ebd00000, 0x00000000ebd00000| Complete 
| 190|0x00000000ebe00000, 0x00000000ebf00000, 0x00000000ebf00000|100%| E|CS|TAMS 0x00000000ebe00000, 0x00000000ebe00000| Complete 
| 191|0x00000000ebf00000, 0x00000000ec000000, 0x00000000ec000000|100%| E|CS|TAMS 0x00000000ebf00000, 0x00000000ebf00000| Complete 
| 192|0x00000000ec000000, 0x00000000ec100000, 0x00000000ec100000|100%| E|CS|TAMS 0x00000000ec000000, 0x00000000ec000000| Complete 
| 193|0x00000000ec100000, 0x00000000ec200000, 0x00000000ec200000|100%| E|CS|TAMS 0x00000000ec100000, 0x00000000ec100000| Complete 
| 194|0x00000000ec200000, 0x00000000ec300000, 0x00000000ec300000|100%| E|CS|TAMS 0x00000000ec200000, 0x00000000ec200000| Complete 
| 195|0x00000000ec300000, 0x00000000ec400000, 0x00000000ec400000|100%| E|CS|TAMS 0x00000000ec300000, 0x00000000ec300000| Complete 
| 196|0x00000000ec400000, 0x00000000ec500000, 0x00000000ec500000|100%| E|CS|TAMS 0x00000000ec400000, 0x00000000ec400000| Complete 
| 197|0x00000000ec500000, 0x00000000ec600000, 0x00000000ec600000|100%| E|CS|TAMS 0x00000000ec500000, 0x00000000ec500000| Complete 
| 198|0x00000000ec600000, 0x00000000ec700000, 0x00000000ec700000|100%| E|CS|TAMS 0x00000000ec600000, 0x00000000ec600000| Complete 
| 199|0x00000000ec700000, 0x00000000ec800000, 0x00000000ec800000|100%| E|CS|TAMS 0x00000000ec700000, 0x00000000ec700000| Complete 
| 200|0x00000000ec800000, 0x00000000ec900000, 0x00000000ec900000|100%| E|CS|TAMS 0x00000000ec800000, 0x00000000ec800000| Complete 
| 201|0x00000000ec900000, 0x00000000eca00000, 0x00000000eca00000|100%| E|CS|TAMS 0x00000000ec900000, 0x00000000ec900000| Complete 
| 202|0x00000000eca00000, 0x00000000ecb00000, 0x00000000ecb00000|100%| E|CS|TAMS 0x00000000eca00000, 0x00000000eca00000| Complete 
| 203|0x00000000ecb00000, 0x00000000ecc00000, 0x00000000ecc00000|100%| E|CS|TAMS 0x00000000ecb00000, 0x00000000ecb00000| Complete 
| 204|0x00000000ecc00000, 0x00000000ecd00000, 0x00000000ecd00000|100%| E|CS|TAMS 0x00000000ecc00000, 0x00000000ecc00000| Complete 
| 205|0x00000000ecd00000, 0x00000000ece00000, 0x00000000ece00000|100%| E|CS|TAMS 0x00000000ecd00000, 0x00000000ecd00000| Complete 
| 206|0x00000000ece00000, 0x00000000ecf00000, 0x00000000ecf00000|100%| E|CS|TAMS 0x00000000ece00000, 0x00000000ece00000| Complete 
| 207|0x00000000ecf00000, 0x00000000ed000000, 0x00000000ed000000|100%| E|CS|TAMS 0x00000000ecf00000, 0x00000000ecf00000| Complete 
| 208|0x00000000ed000000, 0x00000000ed100000, 0x00000000ed100000|100%| E|CS|TAMS 0x00000000ed000000, 0x00000000ed000000| Complete 
| 209|0x00000000ed100000, 0x00000000ed200000, 0x00000000ed200000|100%| E|CS|TAMS 0x00000000ed100000, 0x00000000ed100000| Complete 
| 210|0x00000000ed200000, 0x00000000ed300000, 0x00000000ed300000|100%| E|CS|TAMS 0x00000000ed200000, 0x00000000ed200000| Complete 
| 211|0x00000000ed300000, 0x00000000ed400000, 0x00000000ed400000|100%| E|CS|TAMS 0x00000000ed300000, 0x00000000ed300000| Complete 
| 212|0x00000000ed400000, 0x00000000ed500000, 0x00000000ed500000|100%| E|CS|TAMS 0x00000000ed400000, 0x00000000ed400000| Complete 
| 213|0x00000000ed500000, 0x00000000ed600000, 0x00000000ed600000|100%| E|CS|TAMS 0x00000000ed500000, 0x00000000ed500000| Complete 
| 214|0x00000000ed600000, 0x00000000ed700000, 0x00000000ed700000|100%| E|CS|TAMS 0x00000000ed600000, 0x00000000ed600000| Complete 
| 215|0x00000000ed700000, 0x00000000ed800000, 0x00000000ed800000|100%| E|CS|TAMS 0x00000000ed700000, 0x00000000ed700000| Complete 
| 216|0x00000000ed800000, 0x00000000ed900000, 0x00000000ed900000|100%| E|CS|TAMS 0x00000000ed800000, 0x00000000ed800000| Complete 
| 217|0x00000000ed900000, 0x00000000eda00000, 0x00000000eda00000|100%| E|CS|TAMS 0x00000000ed900000, 0x00000000ed900000| Complete 
| 218|0x00000000eda00000, 0x00000000edb00000, 0x00000000edb00000|100%| E|CS|TAMS 0x00000000eda00000, 0x00000000eda00000| Complete 
| 219|0x00000000edb00000, 0x00000000edc00000, 0x00000000edc00000|100%| E|CS|TAMS 0x00000000edb00000, 0x00000000edb00000| Complete 
| 220|0x00000000edc00000, 0x00000000edd00000, 0x00000000edd00000|100%| E|CS|TAMS 0x00000000edc00000, 0x00000000edc00000| Complete 
| 221|0x00000000edd00000, 0x00000000ede00000, 0x00000000ede00000|100%| E|CS|TAMS 0x00000000edd00000, 0x00000000edd00000| Complete 
| 222|0x00000000ede00000, 0x00000000edf00000, 0x00000000edf00000|100%| E|CS|TAMS 0x00000000ede00000, 0x00000000ede00000| Complete 
| 223|0x00000000edf00000, 0x00000000ee000000, 0x00000000ee000000|100%| E|CS|TAMS 0x00000000edf00000, 0x00000000edf00000| Complete 
| 224|0x00000000ee000000, 0x00000000ee037c10, 0x00000000ee100000| 21%| S|CS|TAMS 0x00000000ee000000, 0x00000000ee000000| Complete 
| 225|0x00000000ee100000, 0x00000000ee200000, 0x00000000ee200000|100%| S|CS|TAMS 0x00000000ee100000, 0x00000000ee100000| Complete 
| 226|0x00000000ee200000, 0x00000000ee300000, 0x00000000ee300000|100%| E|CS|TAMS 0x00000000ee200000, 0x00000000ee200000| Complete 
| 227|0x00000000ee300000, 0x00000000ee400000, 0x00000000ee400000|100%| E|CS|TAMS 0x00000000ee300000, 0x00000000ee300000| Complete 
| 228|0x00000000ee400000, 0x00000000ee500000, 0x00000000ee500000|100%| E|CS|TAMS 0x00000000ee400000, 0x00000000ee400000| Complete 
| 229|0x00000000ee500000, 0x00000000ee600000, 0x00000000ee600000|100%| E|CS|TAMS 0x00000000ee500000, 0x00000000ee500000| Complete 
| 230|0x00000000ee600000, 0x00000000ee700000, 0x00000000ee700000|100%| E|CS|TAMS 0x00000000ee600000, 0x00000000ee600000| Complete 
| 231|0x00000000ee700000, 0x00000000ee800000, 0x00000000ee800000|100%| E|CS|TAMS 0x00000000ee700000, 0x00000000ee700000| Complete 
| 232|0x00000000ee800000, 0x00000000ee900000, 0x00000000ee900000|100%| E|CS|TAMS 0x00000000ee800000, 0x00000000ee800000| Complete 
| 233|0x00000000ee900000, 0x00000000eea00000, 0x00000000eea00000|100%| E|CS|TAMS 0x00000000ee900000, 0x00000000ee900000| Complete 
| 234|0x00000000eea00000, 0x00000000eeb00000, 0x00000000eeb00000|100%| E|CS|TAMS 0x00000000eea00000, 0x00000000eea00000| Complete 
| 235|0x00000000eeb00000, 0x00000000eec00000, 0x00000000eec00000|100%| E|CS|TAMS 0x00000000eeb00000, 0x00000000eeb00000| Complete 
| 236|0x00000000eec00000, 0x00000000eed00000, 0x00000000eed00000|100%| E|CS|TAMS 0x00000000eec00000, 0x00000000eec00000| Complete 
| 237|0x00000000eed00000, 0x00000000eee00000, 0x00000000eee00000|100%| E|CS|TAMS 0x00000000eed00000, 0x00000000eed00000| Complete 
| 238|0x00000000eee00000, 0x00000000eef00000, 0x00000000eef00000|100%| E|CS|TAMS 0x00000000eee00000, 0x00000000eee00000| Complete 
| 239|0x00000000eef00000, 0x00000000ef000000, 0x00000000ef000000|100%| E|CS|TAMS 0x00000000eef00000, 0x00000000eef00000| Complete 
| 240|0x00000000ef000000, 0x00000000ef100000, 0x00000000ef100000|100%| E|CS|TAMS 0x00000000ef000000, 0x00000000ef000000| Complete 
| 241|0x00000000ef100000, 0x00000000ef200000, 0x00000000ef200000|100%| E|CS|TAMS 0x00000000ef100000, 0x00000000ef100000| Complete 
| 242|0x00000000ef200000, 0x00000000ef300000, 0x00000000ef300000|100%| E|CS|TAMS 0x00000000ef200000, 0x00000000ef200000| Complete 
| 243|0x00000000ef300000, 0x00000000ef400000, 0x00000000ef400000|100%| E|CS|TAMS 0x00000000ef300000, 0x00000000ef300000| Complete 
| 244|0x00000000ef400000, 0x00000000ef500000, 0x00000000ef500000|100%| E|CS|TAMS 0x00000000ef400000, 0x00000000ef400000| Complete 
| 245|0x00000000ef500000, 0x00000000ef600000, 0x00000000ef600000|100%| E|CS|TAMS 0x00000000ef500000, 0x00000000ef500000| Complete 
| 246|0x00000000ef600000, 0x00000000ef700000, 0x00000000ef700000|100%| E|CS|TAMS 0x00000000ef600000, 0x00000000ef600000| Complete 
| 247|0x00000000ef700000, 0x00000000ef800000, 0x00000000ef800000|100%| E|CS|TAMS 0x00000000ef700000, 0x00000000ef700000| Complete 
| 248|0x00000000ef800000, 0x00000000ef900000, 0x00000000ef900000|100%| E|CS|TAMS 0x00000000ef800000, 0x00000000ef800000| Complete 
| 249|0x00000000ef900000, 0x00000000efa00000, 0x00000000efa00000|100%| E|CS|TAMS 0x00000000ef900000, 0x00000000ef900000| Complete 
| 250|0x00000000efa00000, 0x00000000efb00000, 0x00000000efb00000|100%| E|CS|TAMS 0x00000000efa00000, 0x00000000efa00000| Complete 
| 251|0x00000000efb00000, 0x00000000efc00000, 0x00000000efc00000|100%| E|CS|TAMS 0x00000000efb00000, 0x00000000efb00000| Complete 
| 252|0x00000000efc00000, 0x00000000efd00000, 0x00000000efd00000|100%| E|CS|TAMS 0x00000000efc00000, 0x00000000efc00000| Complete 
| 253|0x00000000efd00000, 0x00000000efe00000, 0x00000000efe00000|100%| E|CS|TAMS 0x00000000efd00000, 0x00000000efd00000| Complete 
| 254|0x00000000efe00000, 0x00000000eff00000, 0x00000000eff00000|100%| E|CS|TAMS 0x00000000efe00000, 0x00000000efe00000| Complete 
| 255|0x00000000eff00000, 0x00000000f0000000, 0x00000000f0000000|100%| E|CS|TAMS 0x00000000eff00000, 0x00000000eff00000| Complete 

Card table byte_map: [0x0000029da6890000,0x0000029da6990000] _byte_map_base: 0x0000029da6190000

Marking Bits (Prev, Next): (CMBitMap*) 0x0000029d8fd15dd0, (CMBitMap*) 0x0000029d8fd15e10
 Prev Bits: [0x0000029da6a90000, 0x0000029da7290000)
 Next Bits: [0x0000029da7290000, 0x0000029da7a90000)

Polling page: 0x0000029d8dcc0000

Metaspace:

Usage:
  Non-class:     12.45 MB used.
      Class:      2.10 MB used.
       Both:     14.55 MB used.

Virtual space:
  Non-class space:       16.00 MB reserved,      12.62 MB ( 79%) committed,  2 nodes.
      Class space:      208.00 MB reserved,       2.25 MB (  1%) committed,  1 nodes.
              Both:      224.00 MB reserved,      14.88 MB (  7%) committed. 

Chunk freelists:
   Non-Class:  3.05 MB
       Class:  1.70 MB
        Both:  4.75 MB

MaxMetaspaceSize: 256.00 MB
CompressedClassSpaceSize: 208.00 MB
 - commit_granule_bytes: 65536.
 - commit_granule_words: 8192.
 - virtual_space_node_default_size: 1048576.
 - enlarge_chunks_in_place: 1.
 - new_chunks_are_fully_committed: 0.
 - uncommit_free_chunks: 1.
 - use_allocation_guard: 0.
 - handle_deallocations: 1.


Internal statistics:

num_allocs_failed_limit: 0.
num_arena_births: 178.
num_arena_deaths: 0.
num_vsnodes_births: 3.
num_vsnodes_deaths: 0.
num_space_committed: 238.
num_space_uncommitted: 0.
num_chunks_returned_to_freelist: 0.
num_chunks_taken_from_freelist: 655.
num_chunk_merges: 0.
num_chunk_splits: 449.
num_chunks_enlarged: 329.
num_purges: 0.

CodeHeap 'non-profiled nmethods': size=120000Kb used=1061Kb max_used=1061Kb free=118938Kb
 bounds [0x0000029d9ef30000, 0x0000029d9f1a0000, 0x0000029da6460000]
CodeHeap 'profiled nmethods': size=120000Kb used=4213Kb max_used=4213Kb free=115786Kb
 bounds [0x0000029d97a00000, 0x0000029d97e20000, 0x0000029d9ef30000]
CodeHeap 'non-nmethods': size=5760Kb used=1237Kb max_used=1253Kb free=4522Kb
 bounds [0x0000029d97460000, 0x0000029d976d0000, 0x0000029d97a00000]
 total_blobs=2636 nmethods=2110 adapters=438
 compilation: enabled
              stopped_count=0, restarted_count=0
 full_count=0

Compilation events (20 events):
Event: 2.474 Thread 0x0000029daa4e1630 nmethod 2077 0x0000029d9f037c10 code [0x0000029d9f037da0, 0x0000029d9f037e78]
Event: 2.474 Thread 0x0000029daa4e1630 2081       3       org.gradle.internal.service.DefaultServiceRegistry$ClassInspector::getHierarchy (9 bytes)
Event: 2.474 Thread 0x0000029daa4e1630 nmethod 2081 0x0000029d97e0aa90 code [0x0000029d97e0ac40, 0x0000029d97e0ad88]
Event: 2.474 Thread 0x0000029daa4e1630 2076       3       java.lang.reflect.Method::getGenericReturnType (20 bytes)
Event: 2.475 Thread 0x0000029daa4e1630 nmethod 2076 0x0000029d97e0ae90 code [0x0000029d97e0b140, 0x0000029d97e0c298]
Event: 2.475 Thread 0x0000029daa4e1630 2074       3       java.lang.reflect.Method::getGenericParameterTypes (5 bytes)
Event: 2.475 Thread 0x0000029daa4e1630 nmethod 2074 0x0000029d97e0c810 code [0x0000029d97e0cac0, 0x0000029d97e0db98]
Event: 2.475 Thread 0x0000029daa4e1630 2075       3       java.lang.reflect.Method::hasGenericInformation (13 bytes)
Event: 2.475 Thread 0x0000029daa4e1630 nmethod 2075 0x0000029d97e0e090 code [0x0000029d97e0e220, 0x0000029d97e0e398]
Event: 2.476 Thread 0x0000029dab25f6c0 nmethod 2079 0x0000029d9f037f10 code [0x0000029d9f0380c0, 0x0000029d9f0383d8]
Event: 2.478 Thread 0x0000029daa4e1630 2083       3       java.lang.Class::privateGetDeclaredMethods (64 bytes)
Event: 2.478 Thread 0x0000029daa4d8c20 2084   !   4       java.net.URLClassLoader::findClass (47 bytes)
Event: 2.478 Thread 0x0000029daa4e1630 nmethod 2083 0x0000029d97e0e410 code [0x0000029d97e0e640, 0x0000029d97e0ee58]
Event: 2.478 Thread 0x0000029dab25f6c0 2085   !   4       java.net.URLClassLoader$1::run (63 bytes)
Event: 2.482 Thread 0x0000029daa4e1630 2086       3       jdk.internal.org.objectweb.asm.ClassWriter::visitField (53 bytes)
Event: 2.483 Thread 0x0000029daa4e1630 nmethod 2086 0x0000029d97e0f090 code [0x0000029d97e0f240, 0x0000029d97e0f5a8]
Event: 2.483 Thread 0x0000029daa4e1630 2087       3       jdk.internal.org.objectweb.asm.FieldWriter::<init> (69 bytes)
Event: 2.483 Thread 0x0000029daa4e1630 nmethod 2087 0x0000029d97e0f710 code [0x0000029d97e0f900, 0x0000029d97e0fcc8]
Event: 2.483 Thread 0x0000029daa4e1630 2088       3       jdk.internal.org.objectweb.asm.FieldWriter::computeFieldInfoSize (86 bytes)
Event: 2.484 Thread 0x0000029daa4e1630 nmethod 2088 0x0000029d97e0ff10 code [0x0000029d97e100e0, 0x0000029d97e103b8]

GC Heap History (4 events):
Event: 0.866 GC heap before
{Heap before GC invocations=0 (full 0):
 garbage-first heap   total 262144K, used 28672K [0x00000000e0000000, 0x0000000100000000)
  region size 1024K, 23 young (23552K), 0 survivors (0K)
 Metaspace       used 3136K, committed 3328K, reserved 221184K
  class space    used 380K, committed 448K, reserved 212992K
}
Event: 0.871 GC heap after
{Heap after GC invocations=1 (full 0):
 garbage-first heap   total 262144K, used 9318K [0x00000000e0000000, 0x0000000100000000)
  region size 1024K, 3 young (3072K), 3 survivors (3072K)
 Metaspace       used 3136K, committed 3328K, reserved 221184K
  class space    used 380K, committed 448K, reserved 212992K
}
Event: 1.261 GC heap before
{Heap before GC invocations=1 (full 0):
 garbage-first heap   total 262144K, used 36966K [0x00000000e0000000, 0x0000000100000000)
  region size 1024K, 30 young (30720K), 3 survivors (3072K)
 Metaspace       used 4049K, committed 4224K, reserved 221184K
  class space    used 477K, committed 576K, reserved 212992K
}
Event: 1.263 GC heap after
{Heap after GC invocations=2 (full 0):
 garbage-first heap   total 262144K, used 11128K [0x00000000e0000000, 0x0000000100000000)
  region size 1024K, 2 young (2048K), 2 survivors (2048K)
 Metaspace       used 4049K, committed 4224K, reserved 221184K
  class space    used 477K, committed 576K, reserved 212992K
}

Deoptimization events (20 events):
Event: 2.235 Thread 0x0000029dac8575d0 Uncommon trap: trap_request=0xffffff45 fr.pc=0x0000029d9ef4c140 relative=0x0000000000000ba0
Event: 2.235 Thread 0x0000029dac8575d0 Uncommon trap: reason=unstable_if action=reinterpret pc=0x0000029d9ef4c140 method=java.io.WinNTFileSystem.resolve(Ljava/lang/String;Ljava/lang/String;)Ljava/lang/String; @ 156 c2
Event: 2.235 Thread 0x0000029dac8575d0 DEOPT PACKING pc=0x0000029d9ef4c140 sp=0x000000b2662fb6e0
Event: 2.235 Thread 0x0000029dac8575d0 DEOPT UNPACKING pc=0x0000029d974af92e sp=0x000000b2662fb680 mode 2
Event: 2.242 Thread 0x0000029dac8575d0 Uncommon trap: trap_request=0xffffffde fr.pc=0x0000029d9ef48894 relative=0x00000000000003b4
Event: 2.242 Thread 0x0000029dac8575d0 Uncommon trap: reason=class_check action=maybe_recompile pc=0x0000029d9ef48894 method=java.util.regex.Matcher.match(II)Z @ 121 c2
Event: 2.242 Thread 0x0000029dac8575d0 DEOPT PACKING pc=0x0000029d9ef48894 sp=0x000000b2662f98c0
Event: 2.242 Thread 0x0000029dac8575d0 DEOPT UNPACKING pc=0x0000029d974af92e sp=0x000000b2662f9880 mode 2
Event: 2.259 Thread 0x0000029dac8575d0 Uncommon trap: trap_request=0xffffff45 fr.pc=0x0000029d9ef99f20 relative=0x0000000000000200
Event: 2.259 Thread 0x0000029dac8575d0 Uncommon trap: reason=unstable_if action=reinterpret pc=0x0000029d9ef99f20 method=java.util.regex.Matcher.reset()Ljava/util/regex/Matcher; @ 71 c2
Event: 2.259 Thread 0x0000029dac8575d0 DEOPT PACKING pc=0x0000029d9ef99f20 sp=0x000000b2662f8300
Event: 2.259 Thread 0x0000029dac8575d0 DEOPT UNPACKING pc=0x0000029d974af92e sp=0x000000b2662f8288 mode 2
Event: 2.259 Thread 0x0000029dac8575d0 Uncommon trap: trap_request=0xffffff45 fr.pc=0x0000029d9ef48900 relative=0x0000000000000420
Event: 2.259 Thread 0x0000029dac8575d0 Uncommon trap: reason=unstable_if action=reinterpret pc=0x0000029d9ef48900 method=java.util.regex.Matcher.match(II)Z @ 76 c2
Event: 2.259 Thread 0x0000029dac8575d0 DEOPT PACKING pc=0x0000029d9ef48900 sp=0x000000b2662f8360
Event: 2.259 Thread 0x0000029dac8575d0 DEOPT UNPACKING pc=0x0000029d974af92e sp=0x000000b2662f8318 mode 2
Event: 2.321 Thread 0x0000029dac8575d0 Uncommon trap: trap_request=0xffffff45 fr.pc=0x0000029d9efa2238 relative=0x00000000000005f8
Event: 2.321 Thread 0x0000029dac8575d0 Uncommon trap: reason=unstable_if action=reinterpret pc=0x0000029d9efa2238 method=java.io.File.getName()Ljava/lang/String; @ 16 c2
Event: 2.321 Thread 0x0000029dac8575d0 DEOPT PACKING pc=0x0000029d9efa2238 sp=0x000000b2662fadb0
Event: 2.321 Thread 0x0000029dac8575d0 DEOPT UNPACKING pc=0x0000029d974af92e sp=0x000000b2662fad80 mode 2

Classes unloaded (0 events):
No events

Classes redefined (0 events):
No events

Internal exceptions (20 events):
Event: 1.747 Thread 0x0000029d8fcee8b0 Exception <a 'java/lang/NoSuchMethodError'{0x00000000ee9f1f68}: 'java.lang.Object java.lang.invoke.DirectMethodHandle$Holder.invokeStaticInit(java.lang.Object, int, int, int, int)'> (0x00000000ee9f1f68) 
thrown [t:\workspace\open\src\hotspot\share\interpreter\linkResolver.cpp, line 790]
Event: 1.794 Thread 0x0000029d8fcee8b0 Exception <a 'java/lang/NoSuchMethodError'{0x00000000ee8455a8}: 'java.lang.Object java.lang.invoke.DirectMethodHandle$Holder.invokeStaticInit(java.lang.Object, java.lang.Object, int, int, int, int)'> (0x00000000ee8455a8) 
thrown [t:\workspace\open\src\hotspot\share\interpreter\linkResolver.cpp, line 790]
Event: 1.913 Thread 0x0000029d8fcee8b0 Exception <a 'java/lang/NoSuchMethodError'{0x00000000ee73e6d0}: 'void java.lang.invoke.DirectMethodHandle$Holder.invokeStatic(java.lang.Object, java.lang.Object, java.lang.Object)'> (0x00000000ee73e6d0) 
thrown [t:\workspace\open\src\hotspot\share\interpreter\linkResolver.cpp, line 790]
Event: 1.935 Thread 0x0000029d8fcee8b0 Exception <a 'java/io/IOException'{0x00000000ee7f2438}> (0x00000000ee7f2438) 
thrown [t:\workspace\open\src\hotspot\share\prims\jni.cpp, line 579]
Event: 2.045 Thread 0x0000029dac8575d0 Exception <a 'java/lang/NoSuchMethodError'{0x00000000edfd6c78}: 'void java.lang.invoke.DirectMethodHandle$Holder.invokeVirtual(java.lang.Object, java.lang.Object, java.lang.Object, java.lang.Object)'> (0x00000000edfd6c78) 
thrown [t:\workspace\open\src\hotspot\share\interpreter\linkResolver.cpp, line 790]
Event: 2.046 Thread 0x0000029dac8575d0 Exception <a 'java/lang/NoSuchMethodError'{0x00000000edfe3a40}: 'void java.lang.invoke.DirectMethodHandle$Holder.invokeSpecial(java.lang.Object, java.lang.Object, java.lang.Object, java.lang.Object, java.lang.Object)'> (0x00000000edfe3a40) 
thrown [t:\workspace\open\src\hotspot\share\interpreter\linkResolver.cpp, line 790]
Event: 2.047 Thread 0x0000029dac8575d0 Exception <a 'java/lang/NoSuchMethodError'{0x00000000edfeb4c8}: 'java.lang.Object java.lang.invoke.Invokers$Holder.invoker(java.lang.Object, java.lang.Object, java.lang.Object, java.lang.Object)'> (0x00000000edfeb4c8) 
thrown [t:\workspace\open\src\hotspot\share\interpreter\linkResolver.cpp, line 790]
Event: 2.051 Thread 0x0000029dac8575d0 Exception <a 'java/lang/NoSuchMethodError'{0x00000000ede1c210}: 'long java.lang.invoke.DirectMethodHandle$Holder.invokeInterface(java.lang.Object, java.lang.Object)'> (0x00000000ede1c210) 
thrown [t:\workspace\open\src\hotspot\share\interpreter\linkResolver.cpp, line 790]
Event: 2.054 Thread 0x0000029dac8575d0 Exception <a 'java/lang/NoSuchMethodError'{0x00000000ede41258}: 'void java.lang.invoke.DelegatingMethodHandle$Holder.reinvoke_L(java.lang.Object, java.lang.Object, java.lang.Object, java.lang.Object, java.lang.Object, java.lang.Object, java.lang.Object)'> (0x00000000ede41258) 
thrown [t:\workspace\open\src\hotspot\share\interpreter\linkResolver.cpp, line 790]
Event: 2.249 Thread 0x0000029dac8575d0 Exception <a 'java/lang/NoSuchMethodError'{0x00000000ed077af0}: 'void java.lang.invoke.DirectMethodHandle$Holder.invokeStaticInit(java.lang.Object)'> (0x00000000ed077af0) 
thrown [t:\workspace\open\src\hotspot\share\interpreter\linkResolver.cpp, line 790]
Event: 2.283 Thread 0x0000029dac8575d0 Exception <a 'java/lang/NoSuchMethodError'{0x00000000ece47990}: 'java.lang.Object java.lang.invoke.DirectMethodHandle$Holder.newInvokeSpecial(java.lang.Object, java.lang.Object, java.lang.Object, int)'> (0x00000000ece47990) 
thrown [t:\workspace\open\src\hotspot\share\interpreter\linkResolver.cpp, line 790]
Event: 2.283 Thread 0x0000029dac8575d0 Exception <a 'java/lang/NoSuchMethodError'{0x00000000ece4c680}: 'java.lang.Object java.lang.invoke.DirectMethodHandle$Holder.invokeSpecial(java.lang.Object, java.lang.Object, java.lang.Object, java.lang.Object, int)'> (0x00000000ece4c680) 
thrown [t:\workspace\open\src\hotspot\share\interpreter\linkResolver.cpp, line 790]
Event: 2.283 Thread 0x0000029dac8575d0 Exception <a 'java/lang/NoSuchMethodError'{0x00000000ece50c38}: 'java.lang.Object java.lang.invoke.Invokers$Holder.linkToTargetMethod(java.lang.Object, java.lang.Object, int, java.lang.Object)'> (0x00000000ece50c38) 
thrown [t:\workspace\open\src\hotspot\share\interpreter\linkResolver.cpp, line 790]
Event: 2.340 Thread 0x0000029dac8575d0 Exception <a 'java/lang/NoSuchMethodError'{0x00000000eca29b00}: 'java.lang.Object java.lang.invoke.DirectMethodHandle$Holder.newInvokeSpecial(java.lang.Object, java.lang.Object, java.lang.Object, java.lang.Object, java.lang.Object)'> (0x00000000eca29b00) 
thrown [t:\workspace\open\src\hotspot\share\interpreter\linkResolver.cpp, line 790]
Event: 2.355 Thread 0x0000029dac8575d0 Exception <a 'java/lang/NoSuchMethodError'{0x00000000ec92caf8}: 'int java.lang.invoke.DirectMethodHandle$Holder.invokeSpecialIFC(java.lang.Object, java.lang.Object, java.lang.Object, java.lang.Object)'> (0x00000000ec92caf8) 
thrown [t:\workspace\open\src\hotspot\share\interpreter\linkResolver.cpp, line 790]
Event: 2.357 Thread 0x0000029dac8575d0 Exception <a 'java/lang/NoSuchMethodError'{0x00000000ec93bef0}: 'java.lang.Object java.lang.invoke.DirectMethodHandle$Holder.invokeInterface(java.lang.Object, java.lang.Object, java.lang.Object)'> (0x00000000ec93bef0) 
thrown [t:\workspace\open\src\hotspot\share\interpreter\linkResolver.cpp, line 790]
Event: 2.357 Thread 0x0000029dac8575d0 Exception <a 'java/lang/IncompatibleClassChangeError'{0x00000000ec93fcd8}: Found class java.lang.Object, but interface was expected> (0x00000000ec93fcd8) 
thrown [t:\workspace\open\src\hotspot\share\interpreter\linkResolver.cpp, line 857]
Event: 2.402 Thread 0x0000029dac8575d0 Exception <a 'java/lang/NoSuchMethodError'{0x00000000ec641238}: 'int java.lang.invoke.DirectMethodHandle$Holder.invokeStatic(java.lang.Object, java.lang.Object, java.lang.Object, java.lang.Object)'> (0x00000000ec641238) 
thrown [t:\workspace\open\src\hotspot\share\interpreter\linkResolver.cpp, line 790]
Event: 2.403 Thread 0x0000029dac8575d0 Exception <a 'java/lang/NoSuchMethodError'{0x00000000ec6452e0}: 'java.lang.Object java.lang.invoke.Invokers$Holder.invokeExact_MT(java.lang.Object, java.lang.Object, java.lang.Object, java.lang.Object, java.lang.Object, java.lang.Object)'> (0x00000000ec6452e0) 
thrown [t:\workspace\open\src\hotspot\share\interpreter\linkResolver.cpp, line 790]
Event: 2.445 Thread 0x0000029dac8575d0 Exception <a 'java/lang/NoSuchMethodError'{0x00000000ec372c38}: 'java.lang.Object java.lang.invoke.DirectMethodHandle$Holder.invokeSpecial(java.lang.Object, java.lang.Object, java.lang.Object, java.lang.Object, java.lang.Object, java.lang.Object, java.lang.Object, java.lang.Object, java.lang.Object)'> (0x00000000ec372c38) 
thrown [t:\workspace\open\src\hotspot\share\interpreter\linkResolver.cpp, line 790]

Events (20 events):
Event: 2.354 loading class java/nio/file/FileVisitor
Event: 2.354 loading class java/nio/file/FileVisitor done
Event: 2.354 loading class java/nio/file/FileVisitOption
Event: 2.354 loading class java/nio/file/FileVisitOption done
Event: 2.357 loading class java/util/stream/ReduceOps$1
Event: 2.357 loading class java/util/stream/ReduceOps$1 done
Event: 2.357 loading class java/util/stream/ReduceOps$1ReducingSink
Event: 2.358 loading class java/util/stream/ReduceOps$1ReducingSink done
Event: 2.358 loading class java/lang/invoke/MethodHandle$1
Event: 2.358 loading class java/lang/invoke/MethodHandle$1 done
Event: 2.364 loading class java/io/ObjectOutputStream
Event: 2.364 loading class java/io/ObjectOutput
Event: 2.364 loading class java/io/ObjectOutput done
Event: 2.364 loading class java/io/ObjectStreamConstants
Event: 2.364 loading class java/io/ObjectStreamConstants done
Event: 2.364 loading class java/io/ObjectOutputStream done
Event: 2.364 loading class java/io/ObjectInputStream
Event: 2.365 loading class java/io/ObjectInput
Event: 2.365 loading class java/io/ObjectInput done
Event: 2.365 loading class java/io/ObjectInputStream done


Dynamic libraries:
0x00007ff695600000 - 0x00007ff695610000 	C:\Program Files\Java\jdk-16.0.2\bin\java.exe
0x00007ffbfbf10000 - 0x00007ffbfc108000 	C:\WINDOWS\SYSTEM32\ntdll.dll
0x00007ffbfab90000 - 0x00007ffbfac4d000 	C:\WINDOWS\System32\KERNEL32.DLL
0x00007ffbf96f0000 - 0x00007ffbf99be000 	C:\WINDOWS\System32\KERNELBASE.dll
0x00007ffbf6770000 - 0x00007ffbf6800000 	C:\WINDOWS\SYSTEM32\apphelp.dll
0x00007ffbf9a40000 - 0x00007ffbf9b40000 	C:\WINDOWS\System32\ucrtbase.dll
0x00007ffbed1f0000 - 0x00007ffbed209000 	C:\Program Files\Java\jdk-16.0.2\bin\VCRUNTIME140.dll
0x00007ffbec9c0000 - 0x00007ffbec9d8000 	C:\Program Files\Java\jdk-16.0.2\bin\jli.dll
0x00007ffbfaae0000 - 0x00007ffbfab8e000 	C:\WINDOWS\System32\ADVAPI32.dll
0x00007ffbfaa40000 - 0x00007ffbfaade000 	C:\WINDOWS\System32\msvcrt.dll
0x00007ffbfafc0000 - 0x00007ffbfb05c000 	C:\WINDOWS\System32\sechost.dll
0x00007ffbfb8c0000 - 0x00007ffbfb9e5000 	C:\WINDOWS\System32\RPCRT4.dll
0x00007ffbfa6e0000 - 0x00007ffbfa880000 	C:\WINDOWS\System32\USER32.dll
0x00007ffbe6430000 - 0x00007ffbe66ca000 	C:\WINDOWS\WinSxS\amd64_microsoft.windows.common-controls_6595b64144ccf1df_6.0.19041.1110_none_60b5254171f9507e\COMCTL32.dll
0x00007ffbf9a10000 - 0x00007ffbf9a32000 	C:\WINDOWS\System32\win32u.dll
0x00007ffbfac60000 - 0x00007ffbfac8a000 	C:\WINDOWS\System32\GDI32.dll
0x00007ffbf9b40000 - 0x00007ffbf9c4b000 	C:\WINDOWS\System32\gdi32full.dll
0x00007ffbf9cc0000 - 0x00007ffbf9d5d000 	C:\WINDOWS\System32\msvcp_win.dll
0x00007ffbf3c90000 - 0x00007ffbf3c9a000 	C:\WINDOWS\SYSTEM32\VERSION.dll
0x00007ffbfac90000 - 0x00007ffbfacc0000 	C:\WINDOWS\System32\IMM32.DLL
0x00007ffbf4ca0000 - 0x00007ffbf4cac000 	C:\Program Files\Java\jdk-16.0.2\bin\vcruntime140_1.dll
0x00007ffbcae20000 - 0x00007ffbcaeb1000 	C:\Program Files\Java\jdk-16.0.2\bin\msvcp140.dll
0x00007ffbb63f0000 - 0x00007ffbb6f9b000 	C:\Program Files\Java\jdk-16.0.2\bin\server\jvm.dll
0x00007ffbfaa30000 - 0x00007ffbfaa38000 	C:\WINDOWS\System32\PSAPI.DLL
0x00007ffbe8b10000 - 0x00007ffbe8b37000 	C:\WINDOWS\SYSTEM32\WINMM.dll
0x00007ffbeeb80000 - 0x00007ffbeeb89000 	C:\WINDOWS\SYSTEM32\WSOCK32.dll
0x00007ffbfb060000 - 0x00007ffbfb0cb000 	C:\WINDOWS\System32\WS2_32.dll
0x00007ffbf7ef0000 - 0x00007ffbf7f02000 	C:\WINDOWS\SYSTEM32\kernel.appcore.dll
0x00007ffbea920000 - 0x00007ffbea92a000 	C:\Program Files\Java\jdk-16.0.2\bin\jimage.dll
0x00007ffbf7410000 - 0x00007ffbf75f4000 	C:\WINDOWS\SYSTEM32\DBGHELP.DLL
0x00007ffbeb250000 - 0x00007ffbeb27c000 	C:\WINDOWS\SYSTEM32\dbgcore.DLL
0x00007ffbf9660000 - 0x00007ffbf96e2000 	C:\WINDOWS\System32\bcryptPrimitives.dll
0x00007ffbea510000 - 0x00007ffbea535000 	C:\Program Files\Java\jdk-16.0.2\bin\java.dll
0x00007ffbf9f70000 - 0x00007ffbfa6b4000 	C:\WINDOWS\System32\SHELL32.dll
0x00007ffbf7600000 - 0x00007ffbf7d94000 	C:\WINDOWS\SYSTEM32\windows.storage.dll
0x00007ffbfbb10000 - 0x00007ffbfbe64000 	C:\WINDOWS\System32\combase.dll
0x00007ffbf8fc0000 - 0x00007ffbf8ff0000 	C:\WINDOWS\SYSTEM32\Wldp.dll
0x00007ffbfb0e0000 - 0x00007ffbfb18d000 	C:\WINDOWS\System32\SHCORE.dll
0x00007ffbfb190000 - 0x00007ffbfb1e5000 	C:\WINDOWS\System32\shlwapi.dll
0x00007ffbf9570000 - 0x00007ffbf958f000 	C:\WINDOWS\SYSTEM32\profapi.dll
0x00007ffbea4f0000 - 0x00007ffbea509000 	C:\Program Files\Java\jdk-16.0.2\bin\net.dll
0x00007ffbeff70000 - 0x00007ffbf007a000 	C:\WINDOWS\SYSTEM32\WINHTTP.dll
0x00007ffbf8d20000 - 0x00007ffbf8d8a000 	C:\WINDOWS\system32\mswsock.dll
0x00007ffbea410000 - 0x00007ffbea423000 	C:\Program Files\Java\jdk-16.0.2\bin\nio.dll
0x00007ffbe97d0000 - 0x00007ffbe97e8000 	C:\Program Files\Java\jdk-16.0.2\bin\zip.dll
0x00007ffbea400000 - 0x00007ffbea410000 	C:\Program Files\Java\jdk-16.0.2\bin\verify.dll
0x00007ffbf3de0000 - 0x00007ffbf3e07000 	C:\Users\falpr\.gradle\native\e1d6ef7f7dcc3fd88c89a11ec53ec762bb8ba0a96d01ffa2cd45eb1d1d8dd5c5\windows-amd64\native-platform.dll
0x00007ffbca660000 - 0x00007ffbca7a4000 	C:\Users\falpr\.gradle\native\5664cfc778a61ccfe75a443a1ab52a65af34e5dc3c78e0209fed803814484fcb\windows-amd64\native-platform-file-events.dll
0x00007ffbea300000 - 0x00007ffbea309000 	C:\Program Files\Java\jdk-16.0.2\bin\management.dll
0x00007ffbe91d0000 - 0x00007ffbe91db000 	C:\Program Files\Java\jdk-16.0.2\bin\management_ext.dll
0x00007ffbf8f20000 - 0x00007ffbf8f38000 	C:\WINDOWS\SYSTEM32\CRYPTSP.dll
0x00007ffbf86a0000 - 0x00007ffbf86d4000 	C:\WINDOWS\system32\rsaenh.dll
0x00007ffbf9630000 - 0x00007ffbf9657000 	C:\WINDOWS\System32\bcrypt.dll
0x00007ffbf9530000 - 0x00007ffbf955e000 	C:\WINDOWS\SYSTEM32\USERENV.dll
0x00007ffbf8f10000 - 0x00007ffbf8f1c000 	C:\WINDOWS\SYSTEM32\CRYPTBASE.dll
0x00007ffbf8a10000 - 0x00007ffbf8a4b000 	C:\WINDOWS\SYSTEM32\IPHLPAPI.DLL
0x00007ffbfac50000 - 0x00007ffbfac58000 	C:\WINDOWS\System32\NSI.dll
0x00007ffbf1230000 - 0x00007ffbf1247000 	C:\WINDOWS\SYSTEM32\dhcpcsvc6.DLL
0x00007ffbf1bb0000 - 0x00007ffbf1bcd000 	C:\WINDOWS\SYSTEM32\dhcpcsvc.DLL
0x00007ffbf8a50000 - 0x00007ffbf8b1a000 	C:\WINDOWS\SYSTEM32\DNSAPI.dll
0x00007ffbe9140000 - 0x00007ffbe914e000 	C:\Program Files\Java\jdk-16.0.2\bin\sunmscapi.dll
0x00007ffbf9d60000 - 0x00007ffbf9eb6000 	C:\WINDOWS\System32\CRYPT32.dll
0x00007ffbf9030000 - 0x00007ffbf9057000 	C:\WINDOWS\SYSTEM32\ncrypt.dll
0x00007ffbf8ff0000 - 0x00007ffbf902b000 	C:\WINDOWS\SYSTEM32\NTASN1.dll
0x00007ffbc5f80000 - 0x00007ffbc5f87000 	C:\WINDOWS\system32\wshunix.dll

dbghelp: loaded successfully - version: 4.0.5 - missing functions: none
symbol engine: initialized successfully - sym options: 0x614 - pdb path: .;C:\Program Files\Java\jdk-16.0.2\bin;C:\WINDOWS\SYSTEM32;C:\WINDOWS\WinSxS\amd64_microsoft.windows.common-controls_6595b64144ccf1df_6.0.19041.1110_none_60b5254171f9507e;C:\Program Files\Java\jdk-16.0.2\bin\server;C:\Users\falpr\.gradle\native\e1d6ef7f7dcc3fd88c89a11ec53ec762bb8ba0a96d01ffa2cd45eb1d1d8dd5c5\windows-amd64;C:\Users\falpr\.gradle\native\5664cfc778a61ccfe75a443a1ab52a65af34e5dc3c78e0209fed803814484fcb\windows-amd64

VM Arguments:
jvm_args: --add-opens=java.base/java.util=ALL-UNNAMED --add-opens=java.base/java.lang=ALL-UNNAMED --add-opens=java.base/java.lang.invoke=ALL-UNNAMED --add-opens=java.base/java.util=ALL-UNNAMED --add-opens=java.prefs/java.util.prefs=ALL-UNNAMED --add-opens=java.prefs/java.util.prefs=ALL-UNNAMED --add-opens=java.base/java.nio.charset=ALL-UNNAMED --add-opens=java.base/java.net=ALL-UNNAMED --add-opens=java.base/java.util.concurrent.atomic=ALL-UNNAMED -XX:MaxMetaspaceSize=256m -XX:+HeapDumpOnOutOfMemoryError -Xms256m -Xmx512m -Dfile.encoding=windows-1252 -Duser.country=US -Duser.language=en -Duser.variant 
java_command: org.gradle.launcher.daemon.bootstrap.GradleDaemon 7.2
java_class_path (initial): C:\Users\falpr\.gradle\wrapper\dists\gradle-7.2-bin\2dnblmf4td7x66yl1d74lt32g\gradle-7.2\lib\gradle-launcher-7.2.jar
Launcher Type: SUN_STANDARD

[Global flags]
     intx CICompilerCount                          = 4                                         {product} {ergonomic}
   size_t CompressedClassSpaceSize                 = 218103808                                 {product} {ergonomic}
     uint ConcGCThreads                            = 2                                         {product} {ergonomic}
     uint G1ConcRefinementThreads                  = 8                                         {product} {ergonomic}
   size_t G1HeapRegionSize                         = 1048576                                   {product} {ergonomic}
    uintx GCDrainStackTargetSize                   = 64                                        {product} {ergonomic}
     bool HeapDumpOnOutOfMemoryError               = true                                   {manageable} {command line}
   size_t InitialHeapSize                          = 268435456                                 {product} {command line}
   size_t MarkStackSize                            = 4194304                                   {product} {ergonomic}
   size_t MaxHeapSize                              = 536870912                                 {product} {command line}
   size_t MaxMetaspaceSize                         = 268435456                                 {product} {command line}
   size_t MaxNewSize                               = 321912832                                 {product} {ergonomic}
   size_t MinHeapDeltaBytes                        = 1048576                                   {product} {ergonomic}
   size_t MinHeapSize                              = 268435456                                 {product} {command line}
    uintx NonNMethodCodeHeapSize                   = 5839372                                {pd product} {ergonomic}
    uintx NonProfiledCodeHeapSize                  = 122909434                              {pd product} {ergonomic}
    uintx ProfiledCodeHeapSize                     = 122909434                              {pd product} {ergonomic}
    uintx ReservedCodeCacheSize                    = 251658240                              {pd product} {ergonomic}
     bool SegmentedCodeCache                       = true                                      {product} {ergonomic}
   size_t SoftMaxHeapSize                          = 536870912                              {manageable} {ergonomic}
     bool UseCompressedClassPointers               = true                           {product lp64_product} {ergonomic}
     bool UseCompressedOops                        = true                           {product lp64_product} {ergonomic}
     bool UseG1GC                                  = true                                      {product} {ergonomic}
     bool UseLargePagesIndividualAllocation        = false                                  {pd product} {ergonomic}

Logging:
Log output configuration:
 #0: stdout all=warning uptime,level,tags
 #1: stderr all=off uptime,level,tags

Environment Variables:
JAVA_HOME=C:\Program Files\Java\jdk-16.0.2
PATH=C:\Program Files\Common Files\Oracle\Java\javapath;C:\Python39\Scripts\;C:\Python39\;C:\WINDOWS\system32;C:\WINDOWS;C:\WINDOWS\System32\Wbem;C:\WINDOWS\System32\WindowsPowerShell\v1.0\;C:\WINDOWS\System32\OpenSSH\;C:\ProgramData\chocolatey\bin;C:\Program Files\nodejs\;C:\Program Files\Git\cmd;C:\Program Files\JetBrains\IntelliJ IDEA Community Edition 2021.3.3\bin;C:\Users\falpr\AppData\Local\Microsoft\WindowsApps;;C:\Users\falpr\AppData\Local\Programs\Microsoft VS Code\bin;C:\Users\falpr\AppData\Roaming\npm
USERNAME=falpr
OS=Windows_NT
PROCESSOR_IDENTIFIER=Intel64 Family 6 Model 126 Stepping 5, GenuineIntel



---------------  S Y S T E M  ---------------

OS:
 Windows 10 , 64 bit Build 19041 (10.0.19041.1889)
OS uptime: 13 days 23:07 hours

CPU: total 8 (initial active 8) (4 cores per cpu, 2 threads per core) family 6 model 126 stepping 5 microcode 0x70, cx8, cmov, fxsr, ht, mmx, 3dnowpref, sse, sse2, sse3, ssse3, sse4.1, sse4.2, popcnt, lzcnt, tsc, tscinvbit, avx, avx2, aes, erms, clmul, bmi1, bmi2, adx, avx512f, avx512dq, avx512cd, avx512bw, avx512vl, sha, fma, vzeroupper, avx512_vpopcntdq, avx512_vpclmulqdq, avx512_vaes, avx512_vnni, clflush, clflushopt, avx512_vmbi2, avx512_vmbi

Memory: 4k page, system-wide physical 16130M (2381M free)
TotalPageFile size 46540M (AvailPageFile size 5M)
current process WorkingSet (physical memory assigned to process): 180M, peak: 180M
current process commit charge ("private bytes"): 412M, peak: 413M

vm_info: Java HotSpot(TM) 64-Bit Server VM (16.0.2+7-67) for windows-amd64 JRE (16.0.2+7-67), built on Jun  8 2021 23:24:19 by "mach5one" with MS VC++ 16.7 (VS2019)

END.
